<?xml version="1.0" encoding="UTF-8"?>
<!-- Generated by org.testng.reporters.JUnitReportReporter -->
<testsuite skipped="0" hostname="DESKTOP-9EVS9P3" name="com.mystore.testcases.LoginPageTest" tests="1" failures="0" timestamp="13 May 2020 12:26:28 GMT" time="55.944" errors="0">
  <testcase name="loginApp" time="55.944" classname="com.mystore.testcases.LoginPageTest"/>
</testsuite> <!-- com.mystore.testcases.LoginPageTest -->
